<?xml version="1.0" encoding="UTF-8"?>
<testsuite xmlns:xsi="http://www.w3.org/2001/XMLSchema-instance" xsi:schemaLocation="https://maven.apache.org/surefire/maven-surefire-plugin/xsd/surefire-test-report.xsd" name="com.accenture.testBuyingProducts.steps.StepDefinitions" time="0.001" tests="1" errors="1" skipped="0" failures="0">
  <properties>
[...]
</properties>
  <testcase name="initializationError" classname="com.accenture.testBuyingProducts.steps.StepDefinitions" time="0.001">
    <error message="&#10;&#10;Classes annotated with @RunWith(Cucumber.class) must not define any&#10;Step Definition or Hook methods. Their sole purpose is to serve as&#10;an entry point for JUnit. Step Definitions and Hooks should be defined&#10;in their own classes. This allows them to be reused across features.&#10;Offending class: class com.accenture.testBuyingProducts.steps.StepDefinitions&#10;" type="cucumber.runtime.CucumberException">cucumber.runtime.CucumberException: 


Classes annotated with @RunWith(Cucumber.class) must not define any
Step Definition or Hook methods. Their sole purpose is to serve as
an entry point for JUnit. Step Definitions and Hooks should be defined
in their own classes. This allows them to be reused across features.
Offending class: class com.accenture.testBuyingProducts.steps.StepDefinitions

</error>
    <system-out><![CDATA[
1 Scenarios (&amp#27;[32m1 passed&amp#27;[0m)
3 Steps (&amp#27;[32m3 passed&amp#27;[0m)
4m6.399s

]]></system-out>
    <system-err><![CDATA[[main] INFO net.serenitybdd.core.Serenity - 
        __    _____ _____ ____ _____   ____   _    ____  ____  _____ ____  
  _     \ \  |_   _| ____/ ___|_   _| |  _ \ / \  / ___|/ ___|| ____|  _ \ 
 (_)_____| |   | | |  _| \___ \ | |   | |_) / _ \ \___ \\___ \|  _| | | | |
  _|_____| |   | | | |___ ___) || |   |  __/ ___ \ ___) |___) | |___| |_| |
 (_)     | |   |_| |_____|____/ |_|   |_| /_/   \_\____/|____/|_____|____/ 
        /_/                                                                

TEST PASSED: Adding items to the shopping cart
----------------------------------------------------------------------------
]]></system-err>
  </testcase>
</testsuite>